Log file open, 08/25/18 15:53:43
LogWindows: Failed to load 'aqProf.dll' (GetLastError=126)
LogWindows: File 'aqProf.dll' does not exist
LogWindows: Failed to load 'VSPerf140.dll' (GetLastError=126)
LogWindows: File 'VSPerf140.dll' does not exist
LogWindows: Failed to load 'VtuneApi.dll' (GetLastError=126)
LogWindows: File 'VtuneApi.dll' does not exist
LogWindows: Failed to load 'VtuneApi32e.dll' (GetLastError=126)
LogWindows: File 'VtuneApi32e.dll' does not exist
LogInit: Display: Running engine for game: Hillbilly_ADV
LogPlatformFile: Not using cached read wrapper
LogTaskGraph: Started task graph with 5 named threads and 17 total threads with 3 sets of task threads.
LogStats: Stats thread started at 0.308822
LogD3D11RHI: Loaded GFSDK_Aftermath_Lib.x64.dll
LogICUInternationalization: Display: ICU TimeZone Detection - Raw Offset: -7:00, Platform Override: ''
LogPluginManager: Mounting plugin Paper2D
LogPluginManager: Mounting plugin AISupport
LogPluginManager: Mounting plugin LightPropagationVolume
LogPluginManager: Mounting plugin CLionSourceCodeAccess
LogPluginManager: Mounting plugin CodeLiteSourceCodeAccess
LogPluginManager: Mounting plugin GitSourceControl
LogPluginManager: Mounting plugin KDevelopSourceCodeAccess
LogPluginManager: Mounting plugin NullSourceCodeAccess
LogPluginManager: Mounting plugin PerforceSourceControl
LogPluginManager: Mounting plugin SubversionSourceControl
LogPluginManager: Mounting plugin UObjectPlugin
LogPluginManager: Mounting plugin VisualStudioCodeSourceCodeAccess
LogPluginManager: Mounting plugin VisualStudioSourceCodeAccess
LogPluginManager: Mounting plugin XCodeSourceCodeAccess
LogPluginManager: Mounting plugin AssetManagerEditor
LogPluginManager: Mounting plugin CryptoKeys
LogPluginManager: Mounting plugin DataValidation
LogPluginManager: Mounting plugin FacialAnimation
LogPluginManager: Mounting plugin GameplayTagsEditor
LogPluginManager: Mounting plugin MacGraphicsSwitching
LogPluginManager: Mounting plugin MeshEditor
LogPluginManager: Mounting plugin MobileLauncherProfileWizard
LogPluginManager: Mounting plugin PluginBrowser
LogPluginManager: Mounting plugin SpeedTreeImporter
LogPluginManager: Mounting plugin DatasmithContent
LogPluginManager: Mounting plugin AlembicImporter
LogPluginManager: Mounting plugin AppleImageUtils
LogPluginManager: Mounting plugin AppleVision
LogPluginManager: Mounting plugin BackChannel
LogPluginManager: Mounting plugin CharacterAI
LogPluginManager: Mounting plugin GeometryCache
LogPluginManager: Mounting plugin HTML5Networking
LogPluginManager: Mounting plugin ProxyLODPlugin
LogPluginManager: Mounting plugin MagicLeap
LogPluginManager: Mounting plugin MagicLeapEmulator
LogPluginManager: Mounting plugin MagicLeapMedia
LogPluginManager: Mounting plugin AndroidMedia
LogPluginManager: Mounting plugin AvfMedia
LogPluginManager: Mounting plugin ImgMedia
LogPluginManager: Mounting plugin LinearTimecode
LogPluginManager: Mounting plugin MediaCompositing
LogPluginManager: Mounting plugin MediaPlayerEditor
LogPluginManager: Mounting plugin WmfMedia
LogPluginManager: Mounting plugin TcpMessaging
LogPluginManager: Mounting plugin UdpMessaging
LogPluginManager: Mounting plugin ActorSequence
LogPluginManager: Mounting plugin LevelSequenceEditor
LogPluginManager: Mounting plugin MatineeToLevelSequence
LogPluginManager: Mounting plugin NetcodeUnitTest
LogPluginManager: Mounting plugin NUTUnrealEngine4
LogPluginManager: Mounting plugin OnlineSubsystemGooglePlay
LogPluginManager: Mounting plugin OnlineSubsystemIOS
LogPluginManager: Mounting plugin OnlineSubsystem
LogPluginManager: Mounting plugin OnlineSubsystemNull
LogPluginManager: Mounting plugin OnlineSubsystemUtils
LogPluginManager: Mounting plugin LauncherChunkInstaller
LogPluginManager: Mounting plugin AndroidDeviceProfileSelector
LogPluginManager: Mounting plugin AndroidMoviePlayer
LogPluginManager: Mounting plugin AndroidPermission
LogPluginManager: Mounting plugin AppleMoviePlayer
LogPluginManager: Mounting plugin ArchVisCharacter
LogPluginManager: Mounting plugin AudioCapture
LogPluginManager: Mounting plugin CableComponent
LogPluginManager: Mounting plugin CustomMeshComponent
LogPluginManager: Mounting plugin EditableMesh
LogPluginManager: Mounting plugin ExampleDeviceProfileSelector
LogPluginManager: Mounting plugin GoogleCloudMessaging
LogPluginManager: Mounting plugin ImmediatePhysics
LogPluginManager: Mounting plugin IOSDeviceProfileSelector
LogPluginManager: Mounting plugin LinuxDeviceProfileSelector
LogPluginManager: Mounting plugin LocationServicesBPLibrary
LogPluginManager: Mounting plugin MobilePatchingUtils
LogPluginManager: Mounting plugin OculusVR
LogPluginManager: Plugin shader directory ../../../Engine/Plugins/Runtime/Oculus/OculusVR/Shaders found
LogPluginManager: Mapping shader source directory ../../../Engine/Plugins/Runtime/Oculus/OculusVR/Shaders to virtual directory /Plugin/OculusVR
LogPluginManager: Mounting plugin PhysXVehicles
LogPluginManager: Mounting plugin ProceduralMeshComponent
LogPluginManager: Mounting plugin RuntimePhysXCooking
LogPluginManager: Mounting plugin SteamVR
LogPluginManager: Mounting plugin WindowsMoviePlayer
LogStreaming: Display: Took  0.273s to configure plugins.
LogInit: Using libcurl 7.55.1-DEV
LogInit:  - built for x86_64-pc-win32
LogInit:  - supports SSL with OpenSSL/1.0.2h
LogInit:  - supports HTTP deflate (compression) using libz 1.2.8
LogInit:  - other features:
LogInit:      CURL_VERSION_SSL
LogInit:      CURL_VERSION_LIBZ
LogInit:      CURL_VERSION_IPV6
LogInit:      CURL_VERSION_ASYNCHDNS
LogInit:      CURL_VERSION_LARGEFILE
LogInit:      CURL_VERSION_IDN
LogInit:  CurlRequestOptions (configurable via config and command line):
LogInit:  - bVerifyPeer = false  - Libcurl will NOT verify peer certificate
LogInit:  - bUseHttpProxy = false  - Libcurl will NOT use HTTP proxy
LogInit:  - bDontReuseConnections = false  - Libcurl will reuse connections
LogInit:  - CertBundlePath = nullptr  - Libcurl will use whatever was configured at build time.
LogInit:  - MaxHostConnections = 16  - Libcurl will limit the number of connections to a host
LogInit:  - LocalHostAddr = Default
LogInit:  - BufferSize = 65536
LogInit: WinSock: version 1.1 (2.2), MaxSocks=32767, MaxUdp=65467
LogInit: Build: ++UE4+Release-4.20-CL-4233996
LogInit: Engine Version: 4.20.1-4233996+++UE4+Release-4.20
LogInit: Compatible Engine Version: 4.20.0-4212847+++UE4+Release-4.20
LogInit: Net CL: 4212847
LogInit: OS: Windows 10 (), CPU: AMD FX(tm)-6300 Six-Core Processor             , GPU: AMD Radeon R7 200 Series
LogInit: Compiled (64-bit): Jul 26 2018 10:07:30
LogInit: Compiled with Visual C++: 19.13.26129.00
LogInit: Build Configuration: Development
LogInit: Branch Name: ++UE4+Release-4.20
LogInit: Command Line:  
LogInit: Base Directory: K:/ue4install/4.19/UE_4.20/Engine/Binaries/Win64/
LogInit: Installed Engine Build: 1
LogDevObjectVersion: Number of dev versions registered: 20
LogDevObjectVersion:   Dev-Blueprints (B0D832E4-1F89-4F0D-ACCF-7EB736FD4AA2): 10
LogDevObjectVersion:   Dev-Build (E1C64328-A22C-4D53-A36C-8E866417BD8C): 0
LogDevObjectVersion:   Dev-Core (375EC13C-06E4-48FB-B500-84F0262A717E): 2
LogDevObjectVersion:   Dev-Editor (E4B068ED-F494-42E9-A231-DA0B2E46BB41): 24
LogDevObjectVersion:   Dev-Framework (CFFC743F-43B0-4480-9391-14DF171D2073): 34
LogDevObjectVersion:   Dev-Mobile (B02B49B5-BB20-44E9-A304-32B752E40360): 2
LogDevObjectVersion:   Dev-Networking (A4E4105C-59A1-49B5-A7C5-40C4547EDFEE): 0
LogDevObjectVersion:   Dev-Online (39C831C9-5AE6-47DC-9A44-9C173E1C8E7C): 0
LogDevObjectVersion:   Dev-Physics (78F01B33-EBEA-4F98-B9B4-84EACCB95AA2): 0
LogDevObjectVersion:   Dev-Platform (6631380F-2D4D-43E0-8009-CF276956A95A): 0
LogDevObjectVersion:   Dev-Rendering (12F88B9F-8875-4AFC-A67C-D90C383ABD29): 26
LogDevObjectVersion:   Dev-Sequencer (7B5AE74C-D270-4C10-A958-57980B212A5A): 9
LogDevObjectVersion:   Dev-VR (D7296918-1DD6-4BDD-9DE2-64A83CC13884): 2
LogDevObjectVersion:   Dev-LoadTimes (C2A15278-BFE7-4AFE-6C17-90FF531DF755): 1
LogDevObjectVersion:   Private-Geometry (6EACA3D4-40EC-4CC1-B786-8BED09428FC5): 3
LogDevObjectVersion:   Dev-AnimPhys (29E575DD-E0A3-4627-9D10-D276232CDCEA): 17
LogDevObjectVersion:   Dev-ReflectionCapture (6B266CEC-1EC7-4B8F-A30B-E4D90942FC07): 1
LogDevObjectVersion:   Dev-Automation (0DF73D61-A23F-47EA-B727-89E90C41499A): 1
LogDevObjectVersion:   FortniteMain (601D1886-AC64-4F84-AA16-D3DE0DEAC7D6): 12
LogDevObjectVersion:   Dev-Enterprise (9DFFBCD6-494F-0158-E221-12823C92A888): 1
LogStreaming: Display: Took  0.000s to delete old logs.
LogInit: Presizing for max 8388607 objects, including 0 objects not considered by GC, pre-allocating 0 bytes for permanent pool.
LogInit: Object subsystem initialized
[2018.08.25-21.53.44:255][  0]LogInit: Selected Device Profile: [Windows]
[2018.08.25-21.53.44:255][  0]LogInit: Applying CVar settings loaded from the selected device profile: [Windows]
[2018.08.25-21.53.44:329][  0]LogHAL: Display: Platform has ~ 8 GB [8533237760 / 8589934592 / 8], which maps to Default [LargestMinGB=32, LargerMinGB=12, DefaultMinGB=8, SmallerMinGB=6, SmallestMinGB=0)
[2018.08.25-21.53.44:329][  0]LogInit: Setting Device Profile CVar: [[r.Vulkan.UseRealUBs:1]]
[2018.08.25-21.53.44:329][  0]LogInit: Going up to parent DeviceProfile []
[2018.08.25-21.53.44:329][  0]LogInit: Computer: DESKTOP-DEU5FL5
[2018.08.25-21.53.44:329][  0]LogInit: User: lando
[2018.08.25-21.53.44:329][  0]LogInit: CPU Page size=4096, Cores=3
[2018.08.25-21.53.44:329][  0]LogInit: High frequency timer resolution =3.418045 MHz
[2018.08.25-21.53.44:330][  0]LogMemory: Memory total: Physical=7.9GB (8GB approx)
[2018.08.25-21.53.44:330][  0]LogMemory: Platform Memory Stats for Windows
[2018.08.25-21.53.44:330][  0]LogMemory: Process Physical Memory: 99.29 MB used, 99.29 MB peak
[2018.08.25-21.53.44:330][  0]LogMemory: Process Virtual Memory: 90.62 MB used, 90.62 MB peak
[2018.08.25-21.53.44:330][  0]LogMemory: Physical Memory: 6323.38 MB used,  1814.55 MB free, 8137.93 MB total
[2018.08.25-21.53.44:330][  0]LogMemory: Virtual Memory: 4631.82 MB used,  1814.55 MB free, 134217728.00 MB total
[2018.08.25-21.53.44:349][  0]LogInit: Using OS detected language (en-US).
[2018.08.25-21.53.44:349][  0]LogInit: Using OS detected locale (en-US).
[2018.08.25-21.53.44:350][  0]LogTextLocalizationManager: No specific localization for 'en-US' exists, so the 'en' localization will be used.
[2018.08.25-21.53.44:886][  0]LogStreaming: Display: Took  0.538s to InitEngineTextLocalization.
[2018.08.25-21.53.44:887][  0]LogInit: Setting process to per monitor DPI aware
[2018.08.25-21.53.44:988][  0]LogSlate: New Slate User Created.  User Index 0, Is Virtual User: 0
[2018.08.25-21.53.44:988][  0]LogSlate: Slate User Registered.  User Index 0, Is Virtual User: 0
[2018.08.25-21.53.45:286][  0]LogHMD: Failed to initialize OpenVR with code 110
[2018.08.25-21.53.45:286][  0]LogD3D11RHI: D3D11 adapters:
[2018.08.25-21.53.45:312][  0]LogD3D11RHI:    0. 'AMD Radeon R7 200 Series' (Feature Level 11_0)
[2018.08.25-21.53.45:312][  0]LogD3D11RHI:       2028/0/4068 MB DedicatedVideo/DedicatedSystem/SharedSystem, Outputs:2, VendorId:0x1002
[2018.08.25-21.53.45:315][  0]LogD3D11RHI:    1. 'Microsoft Basic Render Driver' (Feature Level 11_0)
[2018.08.25-21.53.45:315][  0]LogD3D11RHI:       0/0/4068 MB DedicatedVideo/DedicatedSystem/SharedSystem, Outputs:0, VendorId:0x1414
[2018.08.25-21.53.45:315][  0]LogD3D11RHI: Chosen D3D11 Adapter: 0
[2018.08.25-21.53.45:326][  0]LogD3D11RHI: Creating new Direct3DDevice
[2018.08.25-21.53.45:326][  0]LogD3D11RHI:     GPU DeviceId: 0x6610 (for the marketing name, search the web for "GPU Device Id")
[2018.08.25-21.53.45:326][  0]LogWindows: EnumDisplayDevices:
[2018.08.25-21.53.45:326][  0]LogWindows:    0. 'AMD Radeon R7 200 Series' (P:1 D:1)
[2018.08.25-21.53.45:327][  0]LogWindows:    1. 'AMD Radeon R7 200 Series' (P:0 D:1)
[2018.08.25-21.53.45:327][  0]LogWindows:    2. 'AMD Radeon R7 200 Series' (P:0 D:0)
[2018.08.25-21.53.45:327][  0]LogWindows:    3. 'AMD Radeon R7 200 Series' (P:0 D:0)
[2018.08.25-21.53.45:328][  0]LogWindows:    4. 'AMD Radeon R7 200 Series' (P:0 D:0)
[2018.08.25-21.53.45:328][  0]LogWindows:    5. 'AMD Radeon R7 200 Series' (P:0 D:0)
[2018.08.25-21.53.45:329][  0]LogWindows:    6. 'AMD Radeon R7 200 Series' (P:0 D:0)
[2018.08.25-21.53.45:329][  0]LogWindows:    7. 'AMD Radeon R7 200 Series' (P:0 D:0)
[2018.08.25-21.53.45:330][  0]LogWindows:    8. 'AMD Radeon R7 200 Series' (P:0 D:0)
[2018.08.25-21.53.45:330][  0]LogWindows:    9. 'AMD Radeon R7 200 Series' (P:0 D:0)
[2018.08.25-21.53.45:331][  0]LogWindows:    10. 'AMD Radeon R7 200 Series' (P:0 D:0)
[2018.08.25-21.53.45:331][  0]LogWindows:    11. 'AMD Radeon R7 200 Series' (P:0 D:0)
[2018.08.25-21.53.45:331][  0]LogWindows:    12. 'AMD Radeon R7 200 Series' (P:0 D:0)
[2018.08.25-21.53.45:332][  0]LogWindows:    13. 'AMD Radeon R7 200 Series' (P:0 D:0)
[2018.08.25-21.53.45:332][  0]LogWindows:    14. 'AMD Radeon R7 200 Series' (P:0 D:0)
[2018.08.25-21.53.45:333][  0]LogWindows:    15. 'AMD Radeon R7 200 Series' (P:0 D:0)
[2018.08.25-21.53.45:333][  0]LogWindows: DebugString: FoundDriverCount:16 
[2018.08.25-21.53.45:333][  0]LogD3D11RHI:     Adapter Name: AMD Radeon R7 200 Series
[2018.08.25-21.53.45:333][  0]LogD3D11RHI:   Driver Version: Adrenalin 18.2.1 (internal:23.20.15017.3010, unified:23.20.15017.3010)
[2018.08.25-21.53.45:333][  0]LogD3D11RHI:      Driver Date: 1-31-2018
[2018.08.25-21.53.45:333][  0]LogRHI: Texture pool is 1419 MB (70% of 2028 MB)
[2018.08.25-21.53.45:395][  0]LogD3D11RHI: Async texture creation enabled
[2018.08.25-21.53.45:409][  0]LogD3D11RHI: GPU Timing Frequency: 27.000000 (Debug: 2 1)
[2018.08.25-21.53.45:411][  0]LogShaderCompilers: Guid format shader working directory is -16 characters bigger than the processId version (../../../../../../speedruns/hillbillyadventures/Hillbilly_ADV/Intermediate/Shaders/WorkingDirectory/10640/).
[2018.08.25-21.53.45:411][  0]LogShaderCompilers: Cleaned the shader compiler working directory 'C:/Users/lando/AppData/Local/Temp/UnrealShaderWorkingDir/CEF240324F13DA7EB826749DCC1763E6/'.
[2018.08.25-21.53.45:858][  0]LogTemp: Display: Loaded TP AllDesktopTargetPlatform
[2018.08.25-21.53.45:881][  0]LogTemp: Display: Loaded TP MacClientTargetPlatform
[2018.08.25-21.53.45:905][  0]LogTemp: Display: Loaded TP MacNoEditorTargetPlatform
[2018.08.25-21.53.45:927][  0]LogTemp: Display: Loaded TP MacServerTargetPlatform
[2018.08.25-21.53.45:950][  0]LogTemp: Display: Loaded TP MacTargetPlatform
[2018.08.25-21.53.45:974][  0]LogTemp: Display: Loaded TP WindowsClientTargetPlatform
[2018.08.25-21.53.45:997][  0]LogTemp: Display: Loaded TP WindowsNoEditorTargetPlatform
[2018.08.25-21.53.46:020][  0]LogTemp: Display: Loaded TP WindowsServerTargetPlatform
[2018.08.25-21.53.46:030][  0]LogTemp: Display: Loaded TP WindowsTargetPlatform
[2018.08.25-21.53.46:177][  0]LogTemp: Display: Loaded TP AndroidTargetPlatform
[2018.08.25-21.53.46:177][  0]LogTemp: Display: Loaded TP AndroidTargetPlatform
[2018.08.25-21.53.46:177][  0]LogTemp: Display: Loaded TP AndroidTargetPlatform
[2018.08.25-21.53.46:177][  0]LogTemp: Display: Loaded TP AndroidTargetPlatform
[2018.08.25-21.53.46:177][  0]LogTemp: Display: Loaded TP AndroidTargetPlatform
[2018.08.25-21.53.46:177][  0]LogTemp: Display: Loaded TP AndroidTargetPlatform
[2018.08.25-21.53.46:177][  0]LogTemp: Display: Loaded TP AndroidTargetPlatform
[2018.08.25-21.53.46:177][  0]LogTemp: Display: Loaded TP AndroidTargetPlatform
[2018.08.25-21.53.46:177][  0]LogTemp: Display: Loaded TP AndroidTargetPlatform
[2018.08.25-21.53.46:177][  0]LogTemp: Display: Loaded TP AndroidTargetPlatform
[2018.08.25-21.53.46:177][  0]LogTemp: Display: Loaded TP AndroidTargetPlatform
[2018.08.25-21.53.46:177][  0]LogTemp: Display: Loaded TP AndroidTargetPlatform
[2018.08.25-21.53.46:177][  0]LogTemp: Display: Loaded TP AndroidTargetPlatform
[2018.08.25-21.53.46:177][  0]LogTemp: Display: Loaded TP AndroidTargetPlatform
[2018.08.25-21.53.46:177][  0]LogTemp: Display: Loaded TP AndroidTargetPlatform
[2018.08.25-21.53.46:177][  0]LogTemp: Display: Loaded TP AndroidTargetPlatform
[2018.08.25-21.53.46:177][  0]LogTemp: Display: Loaded TP AndroidTargetPlatform
[2018.08.25-21.53.46:177][  0]LogTemp: Display: Loaded TP AndroidTargetPlatform
[2018.08.25-21.53.46:179][  0]LogTemp: Display: Loaded TP HTML5TargetPlatform
[2018.08.25-21.53.46:261][  0]LogTemp: Display: Loaded TP IOSTargetPlatform
[2018.08.25-21.53.46:261][  0]LogTemp: Display: Loaded TP IOSTargetPlatform
[2018.08.25-21.53.46:304][  0]LogTemp: Display: Loaded TP TVOSTargetPlatform
[2018.08.25-21.53.46:304][  0]LogTemp: Display: Loaded TP TVOSTargetPlatform
[2018.08.25-21.53.46:328][  0]LogTemp: Display: Loaded TP LinuxClientTargetPlatform
[2018.08.25-21.53.46:353][  0]LogTemp: Display: Loaded TP LinuxNoEditorTargetPlatform
[2018.08.25-21.53.46:375][  0]LogTemp: Display: Loaded TP LinuxServerTargetPlatform
[2018.08.25-21.53.46:399][  0]LogTemp: Display: Loaded TP LinuxTargetPlatform
[2018.08.25-21.53.46:416][  0]LogTemp: Display: Loaded TP LuminTargetPlatform
[2018.08.25-21.53.46:416][  0]LogTargetPlatformManager: Display: Building Assets For Windows
[2018.08.25-21.53.46:491][  0]LogXGEController: Cannot use XGE Controller as Incredibuild is not installed on this machine.
[2018.08.25-21.53.46:491][  0]LogShaderCompilers: Cannot use XGE Shader Compiler as Incredibuild is not installed on this machine.
[2018.08.25-21.53.46:491][  0]LogShaderCompilers: Display: Using Local Shader Compiler.
[2018.08.25-21.53.47:732][  0]LogDerivedDataCache: Display: Max Cache Size: 512 MB
[2018.08.25-21.53.47:868][  0]LogDerivedDataCache: Loaded boot cache 0.14s 71MB C:/Users/lando/AppData/Local/UnrealEngine/4.20/DerivedDataCache/Boot.ddc.
[2018.08.25-21.53.47:869][  0]LogDerivedDataCache: Display: Loaded Boot cache: C:/Users/lando/AppData/Local/UnrealEngine/4.20/DerivedDataCache/Boot.ddc
[2018.08.25-21.53.47:869][  0]LogDerivedDataCache: FDerivedDataBackendGraph:  Pak pak cache file ../../../../../../speedruns/hillbillyadventures/Hillbilly_ADV/DerivedDataCache/DDC.ddp not found, will not use a pak cache.
[2018.08.25-21.53.47:869][  0]LogDerivedDataCache: Unable to find inner node Pak for hierarchical cache Hierarchy.
[2018.08.25-21.53.47:869][  0]LogDerivedDataCache: FDerivedDataBackendGraph:  CompressedPak pak cache file ../../../../../../speedruns/hillbillyadventures/Hillbilly_ADV/DerivedDataCache/Compressed.ddp not found, will not use a pak cache.
[2018.08.25-21.53.47:869][  0]LogDerivedDataCache: Unable to find inner node CompressedPak for hierarchical cache Hierarchy.
[2018.08.25-21.53.47:888][  0]LogDerivedDataCache: Display: Pak cache opened for reading ../../../Engine/DerivedDataCache/Compressed.ddp.
[2018.08.25-21.53.47:901][  0]LogDerivedDataCache: Using Local data cache path C:/Users/lando/AppData/Local/UnrealEngine/Common/DerivedDataCache: Writable
[2018.08.25-21.53.47:901][  0]LogDerivedDataCache: Shared data cache path not found in *engine.ini, will not use an Shared cache.
[2018.08.25-21.53.47:901][  0]LogDerivedDataCache: Unable to find inner node Shared for hierarchical cache Hierarchy.
[2018.08.25-21.53.47:933][  0]LogMaterial: Verifying Global Shaders for PCD3D_SM5
[2018.08.25-21.53.47:935][  0]LogSlate: Using FreeType 2.6.0
[2018.08.25-21.53.47:936][  0]LogSlate: SlateFontServices - WITH_FREETYPE: 1, WITH_HARFBUZZ: 1
[2018.08.25-21.53.48:034][  0]LogAssetRegistry: FAssetRegistry took 0.0295 seconds to start up
[2018.08.25-21.53.48:579][  0]LogInit: Selected Device Profile: [Windows]
[2018.08.25-21.53.48:758][  0]LogSimplygon: Simplygon DLL not present - disabling.
[2018.08.25-21.53.48:762][  0]LogMeshReduction: Using SimplygonSwarm for distributed automatic mesh merging
[2018.08.25-21.53.48:762][  0]LogMeshReduction: Using ProxyLODMeshReduction for automatic mesh merging
[2018.08.25-21.53.48:762][  0]LogMeshReduction: Using QuadricMeshReduction for automatic static mesh reduction
[2018.08.25-21.53.48:762][  0]LogMeshReduction: No automatic skeletal mesh reduction module available
[2018.08.25-21.53.48:832][  0]LogNetVersion: Hillbilly_ADV 1.0.0, NetCL: 4212847, EngineNetVer: 5, GameNetVer: 0 (Checksum: 3817335817)
[2018.08.25-21.53.50:123][  0]LogPackageLocalizationCache: Processed 11 localized package path(s) for 2 prioritized culture(s) in 0.559509 seconds
[2018.08.25-21.53.50:137][  0]LogUObjectArray: 38425 objects as part of root set at end of initial load.
[2018.08.25-21.53.50:137][  0]LogUObjectAllocator: 6690864 out of 0 bytes used by permanent object pool.
[2018.08.25-21.53.50:137][  0]LogUObjectArray: CloseDisregardForGC: 0/0 objects in disregard for GC pool
[2018.08.25-21.53.51:509][  0]LogTcpMessaging: Initializing TcpMessaging bridge
[2018.08.25-21.53.51:583][  0]LogUdpMessaging: Initializing bridge on interface 0.0.0.0:0 to multicast group 230.0.0.1:6666.
[2018.08.25-21.53.51:823][  0]SourceControl: Source control is disabled
[2018.08.25-21.53.51:823][  0]SourceControl: Source control is disabled
[2018.08.25-21.53.51:825][  0]SourceControl: Source control is disabled
[2018.08.25-21.53.51:826][  0]SourceControl: Source control is disabled
[2018.08.25-21.53.52:135][  0]LogAndroidPermission: UAndroidPermissionCallbackProxy::GetInstance
[2018.08.25-21.53.52:195][  0]LogOcInput: OculusInput pre-init called
[2018.08.25-21.53.52:304][  0]LogEngine: Initializing Engine...
[2018.08.25-21.53.52:305][  0]LogHMD: Failed to initialize OpenVR with code 110
[2018.08.25-21.53.52:307][  0]LogStats: UGameplayTagsManager::ConstructGameplayTagTree: ImportINI prefixes -  0.000 s
[2018.08.25-21.53.52:307][  0]LogStats: UGameplayTagsManager::ConstructGameplayTagTree: Construct from data asset -  0.000 s
[2018.08.25-21.53.52:307][  0]LogStats: UGameplayTagsManager::ConstructGameplayTagTree: ImportINI -  0.000 s
[2018.08.25-21.53.52:307][  0]LogStats: UGameplayTagsManager::ConstructGameplayTagTree: GameplayTagTreeChangedEvent.Broadcast -  0.000 s
[2018.08.25-21.53.52:629][  0]LogInit: Initializing FReadOnlyCVARCache
[2018.08.25-21.53.52:652][  0]LogAIModule: Creating AISystem for world Untitled
[2018.08.25-21.53.52:684][  0]LogInit: XAudio2 using 'Speakers (Logitech Wireless Headset)' : 2 channels at 48 kHz using 16 bits per sample (channel mask 0x3)
[2018.08.25-21.53.52:700][  0]LogInit: FAudioDevice initialized.
[2018.08.25-21.53.52:701][  0]LogNetVersion: Set ProjectVersion to 1.0.0.0. Version Checksum will be recalculated on next use.
[2018.08.25-21.53.52:849][  0]LogDerivedDataCache: Saved boot cache 0.15s 71MB C:/Users/lando/AppData/Local/UnrealEngine/4.20/DerivedDataCache/Boot.ddc.
[2018.08.25-21.53.52:871][  0]LogInit: Texture streaming: Enabled
[2018.08.25-21.53.52:900][  0]LogEngineSessionManager: EngineSessionManager initialized
[2018.08.25-21.53.52:931][  0]LogInit: Transaction tracking system initialized
[2018.08.25-21.53.52:962][  0]BlueprintLog: New page: Editor Load
[2018.08.25-21.53.53:607][  0]LocalizationService: Localization service is disabled
[2018.08.25-21.53.54:887][  0]LogCook: Display: Max memory allowance for cook 16384mb min free memory 0mb
[2018.08.25-21.53.54:887][  0]LogCook: Display: Mobile HDR setting 1
[2018.08.25-21.53.54:887][  0]LogGameplayTags: Display: UGameplayTagsManager::DoneAddingNativeTags. DelegateIsBound: 0
[2018.08.25-21.53.54:887][  0]LogStats: UGameplayTagsManager::ConstructGameplayTagTree: ImportINI prefixes -  0.000 s
[2018.08.25-21.53.54:887][  0]LogStats: UGameplayTagsManager::ConstructGameplayTagTree: Construct from data asset -  0.000 s
[2018.08.25-21.53.54:888][  0]LogStats: UGameplayTagsManager::ConstructGameplayTagTree: ImportINI -  0.000 s
[2018.08.25-21.53.54:888][  0]LogStats: UGameplayTagsManager::ConstructGameplayTagTree: GameplayTagTreeChangedEvent.Broadcast -  0.000 s
[2018.08.25-21.53.55:167][  0]LogFileCache: Scanning file cache for directory 'K:/speedruns/hillbillyadventures/Hillbilly_ADV/Content/' took 0.01s
[2018.08.25-21.53.55:168][  0]SourceControl: Source control is disabled
[2018.08.25-21.53.55:168][  0]Cmd: MAP LOAD FILE="../../../../../../speedruns/hillbillyadventures/Hillbilly_ADV/Content/ThirdPersonBP/Maps/ThirdPersonExampleMap.umap" TEMPLATE=0 SHOWPROGRESS=1 FEATURELEVEL=3
[2018.08.25-21.53.55:169][  0]LightingResults: New page: Lighting Build
[2018.08.25-21.53.55:173][  0]MapCheck: New page: Map Check
[2018.08.25-21.53.55:173][  0]LightingResults: New page: Lighting Build
[2018.08.25-21.54.00:899][  0]LogAIModule: Creating AISystem for world ThirdPersonExampleMap
[2018.08.25-21.54.03:118][  0]LogEditorServer: Finished looking for orphan Actors (0.000 secs)
[2018.08.25-21.54.03:226][  0]Cmd: MAP CHECKDEP NOCLEARLOG
[2018.08.25-21.54.03:316][  0]MapCheck: Map check complete: 0 Error(s), 0 Warning(s), took 89.997ms to complete.
[2018.08.25-21.54.03:316][  0]LogFileHelpers: Loading map 'ThirdPersonExampleMap' took 8.149
[2018.08.25-21.54.03:524][  0]LogSlate: Updating window title bar state: overlay mode, drag disabled, window buttons hidden, title bar hidden
[2018.08.25-21.54.03:534][  0]LogSlate: Updating window title bar state: overlay mode, drag disabled, window buttons hidden, title bar hidden
[2018.08.25-21.54.03:544][  0]LogSlate: Updating window title bar state: overlay mode, drag disabled, window buttons hidden, title bar hidden
[2018.08.25-21.54.03:555][  0]LogSlate: Updating window title bar state: overlay mode, drag disabled, window buttons hidden, title bar hidden
[2018.08.25-21.54.03:560][  0]LogCollectionManager: Loaded 0 collections in 0.001252 seconds
[2018.08.25-21.54.03:828][  0]LogFileCache: Scanning file cache for directory 'K:/speedruns/hillbillyadventures/Hillbilly_ADV/Saved/Collections/' took 0.01s
[2018.08.25-21.54.03:828][  0]LogFileCache: Scanning file cache for directory 'K:/speedruns/hillbillyadventures/Hillbilly_ADV/Content/Developers/lando/Collections/' took 0.01s
[2018.08.25-21.54.03:828][  0]LogFileCache: Scanning file cache for directory 'K:/speedruns/hillbillyadventures/Hillbilly_ADV/Content/Collections/' took 0.01s
[2018.08.25-21.54.03:828][  0]LogCollectionManager: Rebuilt the GUID cache for 0 collections in 0.000000 seconds
[2018.08.25-21.54.03:848][  0]LogContentBrowser: Native class hierarchy populated in 0.0193 seconds. Added 2572 classes and 603 folders.
[2018.08.25-21.54.03:857][  0]LogContentBrowser: Native class hierarchy updated for 'WidgetCarousel' in 0.0003 seconds. Added 0 classes and 0 folders.
[2018.08.25-21.54.03:916][  0]LogContentBrowser: Native class hierarchy updated for 'AddContentDialog' in 0.0003 seconds. Added 0 classes and 0 folders.
[2018.08.25-21.54.03:922][  0]LogContentBrowser: Native class hierarchy updated for 'SceneOutliner' in 0.0004 seconds. Added 1 classes and 2 folders.
[2018.08.25-21.54.04:022][  0]LogSlate: Took 0.000471 seconds to synchronously load lazily loaded font '../../../Engine/Content/Slate/Fonts/Roboto-Regular.ttf' (155K)
[2018.08.25-21.54.04:025][  0]LogSlate: Took 0.000288 seconds to synchronously load lazily loaded font '../../../Engine/Content/Slate/Fonts/Roboto-Bold.ttf' (160K)
[2018.08.25-21.54.04:033][  0]LogSlate: Took 0.000314 seconds to synchronously load lazily loaded font '../../../Engine/Content/Editor/Slate/Fonts/FontAwesome.ttf' (139K)
[2018.08.25-21.54.04:154][  0]LogRenderer: Reallocating scene render targets to support 1176x556 Format 9 NumSamples 1 (Frame:1).
[2018.08.25-21.54.04:599][  0]LogContentBrowser: Native class hierarchy updated for 'HierarchicalLODOutliner' in 0.0003 seconds. Added 0 classes and 0 folders.
[2018.08.25-21.54.04:599][  0]LogLoad: (Engine Initialization) Total time: 23.21 seconds
[2018.08.25-21.54.04:599][  0]LogLoad: (Engine Initialization) Total Blueprint compile time: 0.00 seconds
[2018.08.25-21.54.04:772][  0]LogContentStreaming: Texture pool size now 2000 MB
[2018.08.25-21.54.04:799][  0]LogSlate: Took 0.000290 seconds to synchronously load lazily loaded font '../../../Engine/Content/Slate/Fonts/Roboto-Light.ttf' (167K)
[2018.08.25-21.54.06:583][ 68]LogSlate: FSceneViewport::OnFocusLost() reason 0
[2018.08.25-21.54.27:147][826]LogFeaturePack: Warning: Failed to copy ../../../Templates/TemplateResources/High/Geometry/Content/Meshes/1M_Cube.uasset to ../../../../../../speedruns/hillbillyadventures/Hillbilly_ADV/Content/Geometry/Meshes/1M_Cube.uasset
[2018.08.25-21.54.27:147][826]LogFeaturePack: Warning: Failed to copy ../../../Templates/TemplateResources/High/Geometry/Content/Meshes/1M_Cube_Chamfer.uasset to ../../../../../../speedruns/hillbillyadventures/Hillbilly_ADV/Content/Geometry/Meshes/1M_Cube_Chamfer.uasset
[2018.08.25-21.54.27:148][826]LogFeaturePack: Warning: Failed to copy ../../../Templates/TemplateResources/High/Geometry/Content/Meshes/CubeMaterial.uasset to ../../../../../../speedruns/hillbillyadventures/Hillbilly_ADV/Content/Geometry/Meshes/CubeMaterial.uasset
[2018.08.25-21.54.27:148][826]LogFeaturePack: Warning: Failed to copy ../../../Templates/TemplateResources/High/Geometry/Content/Meshes/TemplateFloor.uasset to ../../../../../../speedruns/hillbillyadventures/Hillbilly_ADV/Content/Geometry/Meshes/TemplateFloor.uasset
[2018.08.25-21.54.27:226][826]LogSlate: Took 0.000328 seconds to synchronously load lazily loaded font '../../../Engine/Content/Slate/Fonts/Roboto-Light.ttf' (167K)
[2018.08.25-21.54.27:433][826]LogFactory: FactoryCreateFile: PackFactory with PackFactory (0 0 K:/ue4install/4.19/UE_4.20/FeaturePacks/FP_FirstPersonBP.upack)
[2018.08.25-21.54.27:685][826]LogPackFactory: Finished extracting 8 files (including 0 errors).
[2018.08.25-21.54.27:763][826]LogPackFactory: Copied "../../../Templates/FP_FirstPersonBP/Content/FirstPersonBP/FirstPersonOverview.uasset" to "../../../../../../speedruns/hillbillyadventures/Hillbilly_ADV/Content/FirstPersonBP/FirstPersonOverview.uasset"
[2018.08.25-21.54.27:865][826]LogPackFactory: Copied "../../../Templates/FP_FirstPersonBP/Content/FirstPersonBP/Blueprints/FirstPersonCharacter.uasset" to "../../../../../../speedruns/hillbillyadventures/Hillbilly_ADV/Content/FirstPersonBP/Blueprints/FirstPersonCharacter.uasset"
[2018.08.25-21.54.27:929][826]LogPackFactory: Copied "../../../Templates/FP_FirstPersonBP/Content/FirstPersonBP/Blueprints/FirstPersonGameMode.uasset" to "../../../../../../speedruns/hillbillyadventures/Hillbilly_ADV/Content/FirstPersonBP/Blueprints/FirstPersonGameMode.uasset"
[2018.08.25-21.54.28:009][826]LogPackFactory: Copied "../../../Templates/FP_FirstPersonBP/Content/FirstPersonBP/Blueprints/FirstPersonHUD.uasset" to "../../../../../../speedruns/hillbillyadventures/Hillbilly_ADV/Content/FirstPersonBP/Blueprints/FirstPersonHUD.uasset"
[2018.08.25-21.54.30:241][826]LogPackFactory: Copied "../../../Templates/FP_FirstPersonBP/Content/FirstPersonBP/Maps/FirstPersonExampleMap.umap" to "../../../../../../speedruns/hillbillyadventures/Hillbilly_ADV/Content/FirstPersonBP/Maps/FirstPersonExampleMap.umap"
[2018.08.25-21.54.30:794][826]Cmd: OBJ SAVEPACKAGE PACKAGE="/Game/FirstPersonBP/FirstPersonOverview" FILE="../../../../../../speedruns/hillbillyadventures/Hillbilly_ADV/Content/FirstPersonBP/FirstPersonOverview.uasset" SILENT=true
[2018.08.25-21.54.31:341][826]LogSavePackage: Moving '../../../../../../speedruns/hillbillyadventures/Hillbilly_ADV/Saved/FirstPersonOverviewCA4F119A4300E962D42EDAAD63DB772D.tmp' to '../../../../../../speedruns/hillbillyadventures/Hillbilly_ADV/Content/FirstPersonBP/FirstPersonOverview.uasset'
[2018.08.25-21.54.31:511][826]LogCollectionManager: Rebuilt the object cache for 0 collections in 0.000001 seconds (found 0 objects)
[2018.08.25-21.54.33:562][929]LogSlate: Window 'Add Content to the Project' being destroyed
[2018.08.25-21.54.34:097][961]LogAssetRegistry: Asset discovery search completed in 46.0864 seconds
[2018.08.25-21.54.34:100][961]LogCollectionManager: Fixed up redirectors for 0 collections in 0.000012 seconds (updated 0 objects)
